{"/Users/wangkuan/Documents/souche/test/interview/src/deminoes.ts": {"path":"/Users/wangkuan/Documents/souche/test/interview/src/deminoes.ts","all":false,"statementMap":{"0":{"start":{"line":1,"column":0},"end":{"line":1,"column":20}},"1":{"start":{"line":2,"column":0},"end":{"line":2,"column":27}},"2":{"start":{"line":3,"column":0},"end":{"line":3,"column":34}},"3":{"start":{"line":4,"column":0},"end":{"line":4,"column":1}},"4":{"start":{"line":5,"column":0},"end":{"line":5,"column":0}},"5":{"start":{"line":6,"column":0},"end":{"line":6,"column":16}},"6":{"start":{"line":7,"column":0},"end":{"line":7,"column":73}},"7":{"start":{"line":8,"column":0},"end":{"line":8,"column":29}},"8":{"start":{"line":9,"column":0},"end":{"line":9,"column":48}},"9":{"start":{"line":10,"column":0},"end":{"line":10,"column":32}},"10":{"start":{"line":11,"column":0},"end":{"line":11,"column":55}},"11":{"start":{"line":12,"column":0},"end":{"line":12,"column":41}},"12":{"start":{"line":13,"column":0},"end":{"line":13,"column":30}},"13":{"start":{"line":14,"column":0},"end":{"line":14,"column":87}},"14":{"start":{"line":15,"column":0},"end":{"line":15,"column":22}},"15":{"start":{"line":16,"column":0},"end":{"line":16,"column":21}},"16":{"start":{"line":17,"column":0},"end":{"line":17,"column":31}},"17":{"start":{"line":18,"column":0},"end":{"line":18,"column":15}},"18":{"start":{"line":19,"column":0},"end":{"line":19,"column":9}},"19":{"start":{"line":20,"column":0},"end":{"line":20,"column":5}},"20":{"start":{"line":21,"column":0},"end":{"line":21,"column":15}},"21":{"start":{"line":22,"column":0},"end":{"line":22,"column":1}},"22":{"start":{"line":23,"column":0},"end":{"line":23,"column":0}},"23":{"start":{"line":24,"column":0},"end":{"line":24,"column":0}},"24":{"start":{"line":25,"column":0},"end":{"line":25,"column":3}},"25":{"start":{"line":26,"column":0},"end":{"line":26,"column":36}},"26":{"start":{"line":27,"column":0},"end":{"line":27,"column":29}},"27":{"start":{"line":28,"column":0},"end":{"line":28,"column":13}},"28":{"start":{"line":29,"column":0},"end":{"line":29,"column":14}},"29":{"start":{"line":30,"column":0},"end":{"line":30,"column":3}},"30":{"start":{"line":31,"column":0},"end":{"line":31,"column":55}},"31":{"start":{"line":32,"column":0},"end":{"line":32,"column":30}},"32":{"start":{"line":33,"column":0},"end":{"line":33,"column":39}},"33":{"start":{"line":34,"column":0},"end":{"line":34,"column":28}},"34":{"start":{"line":35,"column":0},"end":{"line":35,"column":16}},"35":{"start":{"line":36,"column":0},"end":{"line":36,"column":20}},"36":{"start":{"line":37,"column":0},"end":{"line":37,"column":51}},"37":{"start":{"line":38,"column":0},"end":{"line":38,"column":19}},"38":{"start":{"line":39,"column":0},"end":{"line":39,"column":5}},"39":{"start":{"line":40,"column":0},"end":{"line":40,"column":24}},"40":{"start":{"line":41,"column":0},"end":{"line":41,"column":17}},"41":{"start":{"line":42,"column":0},"end":{"line":42,"column":0}},"42":{"start":{"line":43,"column":0},"end":{"line":43,"column":94}},"43":{"start":{"line":44,"column":0},"end":{"line":44,"column":65}},"44":{"start":{"line":45,"column":0},"end":{"line":45,"column":30}},"45":{"start":{"line":46,"column":0},"end":{"line":46,"column":9}},"46":{"start":{"line":47,"column":0},"end":{"line":47,"column":57}},"47":{"start":{"line":48,"column":0},"end":{"line":48,"column":59}},"48":{"start":{"line":49,"column":0},"end":{"line":49,"column":19}},"49":{"start":{"line":50,"column":0},"end":{"line":50,"column":9}},"50":{"start":{"line":51,"column":0},"end":{"line":51,"column":35}},"51":{"start":{"line":52,"column":0},"end":{"line":52,"column":43}},"52":{"start":{"line":53,"column":0},"end":{"line":53,"column":37}},"53":{"start":{"line":54,"column":0},"end":{"line":54,"column":56}},"54":{"start":{"line":55,"column":0},"end":{"line":55,"column":9}},"55":{"start":{"line":56,"column":0},"end":{"line":56,"column":5}},"56":{"start":{"line":57,"column":0},"end":{"line":57,"column":33}},"57":{"start":{"line":58,"column":0},"end":{"line":58,"column":75}},"58":{"start":{"line":59,"column":0},"end":{"line":59,"column":15}},"59":{"start":{"line":60,"column":0},"end":{"line":60,"column":1}}},"s":{"0":1,"1":1,"2":1,"3":1,"4":1,"5":1,"6":9,"7":9,"8":9,"9":10,"10":10,"11":5,"12":5,"13":5,"14":5,"15":5,"16":5,"17":5,"18":5,"19":10,"20":9,"21":9,"22":1,"23":1,"24":1,"25":1,"26":1,"27":1,"28":1,"29":1,"30":5,"31":5,"32":5,"33":5,"34":5,"35":5,"36":1,"37":1,"38":1,"39":4,"40":4,"41":4,"42":4,"43":9,"44":2,"45":2,"46":9,"47":9,"48":2,"49":2,"50":9,"51":5,"52":5,"53":5,"54":5,"55":7,"56":4,"57":5,"58":5,"59":5},"branchMap":{"0":{"type":"branch","line":7,"loc":{"start":{"line":7,"column":0},"end":{"line":22,"column":1}},"locations":[{"start":{"line":7,"column":0},"end":{"line":22,"column":1}}]},"1":{"type":"branch","line":9,"loc":{"start":{"line":9,"column":47},"end":{"line":20,"column":5}},"locations":[{"start":{"line":9,"column":47},"end":{"line":20,"column":5}}]},"2":{"type":"branch","line":11,"loc":{"start":{"line":11,"column":30},"end":{"line":11,"column":52}},"locations":[{"start":{"line":11,"column":30},"end":{"line":11,"column":52}}]},"3":{"type":"branch","line":11,"loc":{"start":{"line":11,"column":54},"end":{"line":19,"column":9}},"locations":[{"start":{"line":11,"column":54},"end":{"line":19,"column":9}}]},"4":{"type":"branch","line":14,"loc":{"start":{"line":14,"column":60},"end":{"line":14,"column":66}},"locations":[{"start":{"line":14,"column":60},"end":{"line":14,"column":66}}]},"5":{"type":"branch","line":14,"loc":{"start":{"line":14,"column":67},"end":{"line":14,"column":87}},"locations":[{"start":{"line":14,"column":67},"end":{"line":14,"column":87}}]},"6":{"type":"branch","line":31,"loc":{"start":{"line":31,"column":0},"end":{"line":60,"column":1}},"locations":[{"start":{"line":31,"column":0},"end":{"line":60,"column":1}}]},"7":{"type":"branch","line":36,"loc":{"start":{"line":36,"column":19},"end":{"line":39,"column":5}},"locations":[{"start":{"line":36,"column":19},"end":{"line":39,"column":5}}]},"8":{"type":"branch","line":40,"loc":{"start":{"line":40,"column":-1},"end":{"line":58,"column":53}},"locations":[{"start":{"line":40,"column":-1},"end":{"line":58,"column":53}}]},"9":{"type":"branch","line":58,"loc":{"start":{"line":58,"column":53},"end":{"line":58,"column":57}},"locations":[{"start":{"line":58,"column":53},"end":{"line":58,"column":57}}]},"10":{"type":"branch","line":58,"loc":{"start":{"line":58,"column":58},"end":{"line":58,"column":65}},"locations":[{"start":{"line":58,"column":58},"end":{"line":58,"column":65}}]},"11":{"type":"branch","line":43,"loc":{"start":{"line":43,"column":4},"end":{"line":56,"column":5}},"locations":[{"start":{"line":43,"column":4},"end":{"line":56,"column":5}}]},"12":{"type":"branch","line":44,"loc":{"start":{"line":44,"column":34},"end":{"line":44,"column":62}},"locations":[{"start":{"line":44,"column":34},"end":{"line":44,"column":62}}]},"13":{"type":"branch","line":44,"loc":{"start":{"line":44,"column":64},"end":{"line":46,"column":9}},"locations":[{"start":{"line":44,"column":64},"end":{"line":46,"column":9}}]},"14":{"type":"branch","line":48,"loc":{"start":{"line":48,"column":32},"end":{"line":48,"column":56}},"locations":[{"start":{"line":48,"column":32},"end":{"line":48,"column":56}}]},"15":{"type":"branch","line":48,"loc":{"start":{"line":48,"column":58},"end":{"line":50,"column":9}},"locations":[{"start":{"line":48,"column":58},"end":{"line":50,"column":9}}]},"16":{"type":"branch","line":51,"loc":{"start":{"line":51,"column":-1},"end":{"line":51,"column":34}},"locations":[{"start":{"line":51,"column":-1},"end":{"line":51,"column":34}}]},"17":{"type":"branch","line":51,"loc":{"start":{"line":51,"column":34},"end":{"line":55,"column":9}},"locations":[{"start":{"line":51,"column":34},"end":{"line":55,"column":9}}]},"18":{"type":"branch","line":56,"loc":{"start":{"line":56,"column":-1},"end":{"line":56,"column":5}},"locations":[{"start":{"line":56,"column":-1},"end":{"line":56,"column":5}}]}},"b":{"0":[9],"1":[10],"2":[7],"3":[5],"4":[3],"5":[2],"6":[5],"7":[1],"8":[4],"9":[2],"10":[2],"11":[9],"12":[3],"13":[2],"14":[5],"15":[2],"16":[7],"17":[5],"18":[7]},"fnMap":{"0":{"name":"getNextDominoes","decl":{"start":{"line":7,"column":0},"end":{"line":22,"column":1}},"loc":{"start":{"line":7,"column":0},"end":{"line":22,"column":1}},"line":7},"1":{"name":"getDominoes","decl":{"start":{"line":31,"column":0},"end":{"line":60,"column":1}},"loc":{"start":{"line":31,"column":0},"end":{"line":60,"column":1}},"line":31},"2":{"name":"dfs","decl":{"start":{"line":43,"column":4},"end":{"line":56,"column":5}},"loc":{"start":{"line":43,"column":4},"end":{"line":56,"column":5}},"line":43}},"f":{"0":9,"1":5,"2":9}}
,"/Users/wangkuan/Documents/souche/test/interview/src/event.ts": {"path":"/Users/wangkuan/Documents/souche/test/interview/src/event.ts","all":false,"statementMap":{"0":{"start":{"line":1,"column":0},"end":{"line":1,"column":18}},"1":{"start":{"line":2,"column":0},"end":{"line":2,"column":23}},"2":{"start":{"line":3,"column":0},"end":{"line":3,"column":1}},"3":{"start":{"line":4,"column":0},"end":{"line":4,"column":0}},"4":{"start":{"line":5,"column":0},"end":{"line":5,"column":44}},"5":{"start":{"line":6,"column":0},"end":{"line":6,"column":37}},"6":{"start":{"line":7,"column":0},"end":{"line":7,"column":22}},"7":{"start":{"line":8,"column":0},"end":{"line":8,"column":12}},"8":{"start":{"line":9,"column":0},"end":{"line":9,"column":30}},"9":{"start":{"line":10,"column":0},"end":{"line":10,"column":5}},"10":{"start":{"line":11,"column":0},"end":{"line":11,"column":1}},"11":{"start":{"line":12,"column":0},"end":{"line":12,"column":3}},"12":{"start":{"line":13,"column":0},"end":{"line":13,"column":13}},"13":{"start":{"line":14,"column":0},"end":{"line":14,"column":44}},"14":{"start":{"line":15,"column":0},"end":{"line":15,"column":3}},"15":{"start":{"line":16,"column":0},"end":{"line":16,"column":11}},"16":{"start":{"line":17,"column":0},"end":{"line":17,"column":45}},"17":{"start":{"line":18,"column":0},"end":{"line":18,"column":44}},"18":{"start":{"line":19,"column":0},"end":{"line":19,"column":46}},"19":{"start":{"line":20,"column":0},"end":{"line":20,"column":38}},"20":{"start":{"line":21,"column":0},"end":{"line":21,"column":25}},"21":{"start":{"line":22,"column":0},"end":{"line":22,"column":39}},"22":{"start":{"line":23,"column":0},"end":{"line":23,"column":57}},"23":{"start":{"line":24,"column":0},"end":{"line":24,"column":9}},"24":{"start":{"line":25,"column":0},"end":{"line":25,"column":47}},"25":{"start":{"line":26,"column":0},"end":{"line":26,"column":27}},"26":{"start":{"line":27,"column":0},"end":{"line":27,"column":32}},"27":{"start":{"line":28,"column":0},"end":{"line":28,"column":25}},"28":{"start":{"line":29,"column":0},"end":{"line":29,"column":40}},"29":{"start":{"line":30,"column":0},"end":{"line":30,"column":9}},"30":{"start":{"line":31,"column":0},"end":{"line":31,"column":20}},"31":{"start":{"line":32,"column":0},"end":{"line":32,"column":5}},"32":{"start":{"line":33,"column":0},"end":{"line":33,"column":30}},"33":{"start":{"line":34,"column":0},"end":{"line":34,"column":56}},"34":{"start":{"line":35,"column":0},"end":{"line":35,"column":37}},"35":{"start":{"line":36,"column":0},"end":{"line":36,"column":45}},"36":{"start":{"line":37,"column":0},"end":{"line":37,"column":47}},"37":{"start":{"line":38,"column":0},"end":{"line":38,"column":24}},"38":{"start":{"line":39,"column":0},"end":{"line":39,"column":29}},"39":{"start":{"line":40,"column":0},"end":{"line":40,"column":41}},"40":{"start":{"line":41,"column":0},"end":{"line":41,"column":50}},"41":{"start":{"line":42,"column":0},"end":{"line":42,"column":9}},"42":{"start":{"line":43,"column":0},"end":{"line":43,"column":22}},"43":{"start":{"line":44,"column":0},"end":{"line":44,"column":5}},"44":{"start":{"line":45,"column":0},"end":{"line":45,"column":49}},"45":{"start":{"line":46,"column":0},"end":{"line":46,"column":27}},"46":{"start":{"line":47,"column":0},"end":{"line":47,"column":57}},"47":{"start":{"line":48,"column":0},"end":{"line":48,"column":52}},"48":{"start":{"line":49,"column":0},"end":{"line":49,"column":9}},"49":{"start":{"line":50,"column":0},"end":{"line":50,"column":16}},"50":{"start":{"line":51,"column":0},"end":{"line":51,"column":25}},"51":{"start":{"line":52,"column":0},"end":{"line":52,"column":50}},"52":{"start":{"line":53,"column":0},"end":{"line":53,"column":9}},"53":{"start":{"line":54,"column":0},"end":{"line":54,"column":37}},"54":{"start":{"line":55,"column":0},"end":{"line":55,"column":45}},"55":{"start":{"line":56,"column":0},"end":{"line":56,"column":54}},"56":{"start":{"line":57,"column":0},"end":{"line":57,"column":9}},"57":{"start":{"line":58,"column":0},"end":{"line":58,"column":42}},"58":{"start":{"line":59,"column":0},"end":{"line":59,"column":5}},"59":{"start":{"line":60,"column":0},"end":{"line":60,"column":1}},"60":{"start":{"line":61,"column":0},"end":{"line":61,"column":0}},"61":{"start":{"line":62,"column":0},"end":{"line":62,"column":21}},"62":{"start":{"line":63,"column":0},"end":{"line":63,"column":17}},"63":{"start":{"line":64,"column":0},"end":{"line":64,"column":17}},"64":{"start":{"line":65,"column":0},"end":{"line":65,"column":1}},"65":{"start":{"line":66,"column":0},"end":{"line":66,"column":0}},"66":{"start":{"line":67,"column":0},"end":{"line":67,"column":28}},"67":{"start":{"line":68,"column":0},"end":{"line":68,"column":36}},"68":{"start":{"line":69,"column":0},"end":{"line":69,"column":19}},"69":{"start":{"line":70,"column":0},"end":{"line":70,"column":16}},"70":{"start":{"line":71,"column":0},"end":{"line":71,"column":5}},"71":{"start":{"line":72,"column":0},"end":{"line":72,"column":50}},"72":{"start":{"line":73,"column":0},"end":{"line":73,"column":25}},"73":{"start":{"line":74,"column":0},"end":{"line":74,"column":17}},"74":{"start":{"line":75,"column":0},"end":{"line":75,"column":16}},"75":{"start":{"line":76,"column":0},"end":{"line":76,"column":11}},"76":{"start":{"line":77,"column":0},"end":{"line":77,"column":5}},"77":{"start":{"line":78,"column":0},"end":{"line":78,"column":25}},"78":{"start":{"line":79,"column":0},"end":{"line":79,"column":32}},"79":{"start":{"line":80,"column":0},"end":{"line":80,"column":26}},"80":{"start":{"line":81,"column":0},"end":{"line":81,"column":5}},"81":{"start":{"line":82,"column":0},"end":{"line":82,"column":1}},"82":{"start":{"line":83,"column":0},"end":{"line":83,"column":0}},"83":{"start":{"line":84,"column":0},"end":{"line":84,"column":19}}},"s":{"0":1,"1":1,"2":1,"3":1,"4":9,"5":9,"6":4,"7":9,"8":5,"9":5,"10":9,"11":1,"12":1,"13":1,"14":1,"15":8,"16":8,"17":8,"18":8,"19":5,"20":5,"21":5,"22":0,"23":0,"24":5,"25":5,"26":5,"27":5,"28":5,"29":5,"30":5,"31":5,"32":8,"33":8,"34":9,"35":9,"36":9,"37":9,"38":9,"39":9,"40":9,"41":9,"42":9,"43":9,"44":8,"45":0,"46":0,"47":0,"48":0,"49":0,"50":0,"51":0,"52":0,"53":0,"54":0,"55":0,"56":0,"57":0,"58":0,"59":8,"60":1,"61":1,"62":1,"63":1,"64":1,"65":1,"66":1,"67":1,"68":1,"69":5,"70":5,"71":1,"72":18,"73":18,"74":18,"75":18,"76":18,"77":1,"78":4,"79":4,"80":4,"81":1,"82":1,"83":1},"branchMap":{"0":{"type":"branch","line":5,"loc":{"start":{"line":5,"column":0},"end":{"line":11,"column":1}},"locations":[{"start":{"line":5,"column":0},"end":{"line":11,"column":1}}]},"1":{"type":"branch","line":6,"loc":{"start":{"line":6,"column":36},"end":{"line":8,"column":11}},"locations":[{"start":{"line":6,"column":36},"end":{"line":8,"column":11}}]},"2":{"type":"branch","line":8,"loc":{"start":{"line":8,"column":5},"end":{"line":10,"column":5}},"locations":[{"start":{"line":8,"column":5},"end":{"line":10,"column":5}}]},"3":{"type":"branch","line":16,"loc":{"start":{"line":16,"column":0},"end":{"line":60,"column":1}},"locations":[{"start":{"line":16,"column":0},"end":{"line":60,"column":1}}]},"4":{"type":"branch","line":19,"loc":{"start":{"line":19,"column":11},"end":{"line":32,"column":5}},"locations":[{"start":{"line":19,"column":11},"end":{"line":32,"column":5}}]},"5":{"type":"branch","line":20,"loc":{"start":{"line":20,"column":31},"end":{"line":20,"column":38}},"locations":[{"start":{"line":20,"column":31},"end":{"line":20,"column":38}}]},"6":{"type":"branch","line":22,"loc":{"start":{"line":22,"column":38},"end":{"line":24,"column":9}},"locations":[{"start":{"line":22,"column":38},"end":{"line":24,"column":9}}]},"7":{"type":"branch","line":34,"loc":{"start":{"line":34,"column":11},"end":{"line":44,"column":5}},"locations":[{"start":{"line":34,"column":11},"end":{"line":44,"column":5}}]},"8":{"type":"branch","line":37,"loc":{"start":{"line":37,"column":40},"end":{"line":37,"column":46}},"locations":[{"start":{"line":37,"column":40},"end":{"line":37,"column":46}}]},"9":{"type":"branch","line":69,"loc":{"start":{"line":69,"column":4},"end":{"line":71,"column":5}},"locations":[{"start":{"line":69,"column":4},"end":{"line":71,"column":5}}]},"10":{"type":"branch","line":72,"loc":{"start":{"line":72,"column":11},"end":{"line":77,"column":5}},"locations":[{"start":{"line":72,"column":11},"end":{"line":77,"column":5}}]},"11":{"type":"branch","line":78,"loc":{"start":{"line":78,"column":11},"end":{"line":81,"column":5}},"locations":[{"start":{"line":78,"column":11},"end":{"line":81,"column":5}}]}},"b":{"0":[9],"1":[4],"2":[5],"3":[8],"4":[5],"5":[0],"6":[0],"7":[9],"8":[0],"9":[5],"10":[18],"11":[4]},"fnMap":{"0":{"name":"getTarget","decl":{"start":{"line":5,"column":0},"end":{"line":11,"column":1}},"loc":{"start":{"line":5,"column":0},"end":{"line":11,"column":1}},"line":5},"1":{"name":"Bus","decl":{"start":{"line":16,"column":0},"end":{"line":60,"column":1}},"loc":{"start":{"line":16,"column":0},"end":{"line":60,"column":1}},"line":16},"2":{"name":"on","decl":{"start":{"line":19,"column":11},"end":{"line":32,"column":5}},"loc":{"start":{"line":19,"column":11},"end":{"line":32,"column":5}},"line":19},"3":{"name":"emit","decl":{"start":{"line":34,"column":11},"end":{"line":44,"column":5}},"loc":{"start":{"line":34,"column":11},"end":{"line":44,"column":5}},"line":34},"4":{"name":"off","decl":{"start":{"line":45,"column":11},"end":{"line":59,"column":5}},"loc":{"start":{"line":45,"column":11},"end":{"line":59,"column":5}},"line":45},"5":{"name":"ChildBus","decl":{"start":{"line":69,"column":4},"end":{"line":71,"column":5}},"loc":{"start":{"line":69,"column":4},"end":{"line":71,"column":5}},"line":69},"6":{"name":"pushStack","decl":{"start":{"line":72,"column":11},"end":{"line":77,"column":5}},"loc":{"start":{"line":72,"column":11},"end":{"line":77,"column":5}},"line":72},"7":{"name":"printStack","decl":{"start":{"line":78,"column":11},"end":{"line":81,"column":5}},"loc":{"start":{"line":78,"column":11},"end":{"line":81,"column":5}},"line":78}},"f":{"0":9,"1":8,"2":5,"3":9,"4":0,"5":5,"6":18,"7":4}}
,"/Users/wangkuan/Documents/souche/test/interview/src/order.ts": {"path":"/Users/wangkuan/Documents/souche/test/interview/src/order.ts","all":false,"statementMap":{"0":{"start":{"line":1,"column":0},"end":{"line":1,"column":20}},"1":{"start":{"line":2,"column":0},"end":{"line":2,"column":15}},"2":{"start":{"line":3,"column":0},"end":{"line":3,"column":20}},"3":{"start":{"line":4,"column":0},"end":{"line":4,"column":19}},"4":{"start":{"line":5,"column":0},"end":{"line":5,"column":20}},"5":{"start":{"line":6,"column":0},"end":{"line":6,"column":19}},"6":{"start":{"line":7,"column":0},"end":{"line":7,"column":20}},"7":{"start":{"line":8,"column":0},"end":{"line":8,"column":21}},"8":{"start":{"line":9,"column":0},"end":{"line":9,"column":1}},"9":{"start":{"line":10,"column":0},"end":{"line":10,"column":7}},"10":{"start":{"line":11,"column":0},"end":{"line":11,"column":34}},"11":{"start":{"line":12,"column":0},"end":{"line":12,"column":27}},"12":{"start":{"line":13,"column":0},"end":{"line":13,"column":37}},"13":{"start":{"line":14,"column":0},"end":{"line":14,"column":20}},"14":{"start":{"line":15,"column":0},"end":{"line":15,"column":18}},"15":{"start":{"line":16,"column":0},"end":{"line":16,"column":9}},"16":{"start":{"line":17,"column":0},"end":{"line":17,"column":19}},"17":{"start":{"line":18,"column":0},"end":{"line":18,"column":24}},"18":{"start":{"line":19,"column":0},"end":{"line":19,"column":26}},"19":{"start":{"line":20,"column":0},"end":{"line":20,"column":20}},"20":{"start":{"line":21,"column":0},"end":{"line":21,"column":25}},"21":{"start":{"line":22,"column":0},"end":{"line":22,"column":5}},"22":{"start":{"line":23,"column":0},"end":{"line":23,"column":16}},"23":{"start":{"line":24,"column":0},"end":{"line":24,"column":15}},"24":{"start":{"line":25,"column":0},"end":{"line":25,"column":1}},"25":{"start":{"line":26,"column":0},"end":{"line":26,"column":0}},"26":{"start":{"line":27,"column":0},"end":{"line":27,"column":44}},"27":{"start":{"line":28,"column":0},"end":{"line":28,"column":42}},"28":{"start":{"line":29,"column":0},"end":{"line":29,"column":31}},"29":{"start":{"line":30,"column":0},"end":{"line":30,"column":27}},"30":{"start":{"line":31,"column":0},"end":{"line":31,"column":31}},"31":{"start":{"line":32,"column":0},"end":{"line":32,"column":5}},"32":{"start":{"line":33,"column":0},"end":{"line":33,"column":38}},"33":{"start":{"line":34,"column":0},"end":{"line":34,"column":37}},"34":{"start":{"line":35,"column":0},"end":{"line":35,"column":27}},"35":{"start":{"line":36,"column":0},"end":{"line":36,"column":25}},"36":{"start":{"line":37,"column":0},"end":{"line":37,"column":25}},"37":{"start":{"line":38,"column":0},"end":{"line":38,"column":31}},"38":{"start":{"line":39,"column":0},"end":{"line":39,"column":24}},"39":{"start":{"line":40,"column":0},"end":{"line":40,"column":33}},"40":{"start":{"line":41,"column":0},"end":{"line":41,"column":44}},"41":{"start":{"line":42,"column":0},"end":{"line":42,"column":23}},"42":{"start":{"line":43,"column":0},"end":{"line":43,"column":33}},"43":{"start":{"line":44,"column":0},"end":{"line":44,"column":13}},"44":{"start":{"line":45,"column":0},"end":{"line":45,"column":32}},"45":{"start":{"line":46,"column":0},"end":{"line":46,"column":43}},"46":{"start":{"line":47,"column":0},"end":{"line":47,"column":23}},"47":{"start":{"line":48,"column":0},"end":{"line":48,"column":34}},"48":{"start":{"line":49,"column":0},"end":{"line":49,"column":13}},"49":{"start":{"line":50,"column":0},"end":{"line":50,"column":16}},"50":{"start":{"line":51,"column":0},"end":{"line":51,"column":29}},"51":{"start":{"line":52,"column":0},"end":{"line":52,"column":9}},"52":{"start":{"line":53,"column":0},"end":{"line":53,"column":5}},"53":{"start":{"line":54,"column":0},"end":{"line":54,"column":16}},"54":{"start":{"line":55,"column":0},"end":{"line":55,"column":28}},"55":{"start":{"line":56,"column":0},"end":{"line":56,"column":5}},"56":{"start":{"line":57,"column":0},"end":{"line":57,"column":15}},"57":{"start":{"line":58,"column":0},"end":{"line":58,"column":24}},"58":{"start":{"line":59,"column":0},"end":{"line":59,"column":5}},"59":{"start":{"line":60,"column":0},"end":{"line":60,"column":26}},"60":{"start":{"line":61,"column":0},"end":{"line":61,"column":22}},"61":{"start":{"line":62,"column":0},"end":{"line":62,"column":29}},"62":{"start":{"line":63,"column":0},"end":{"line":63,"column":40}},"63":{"start":{"line":64,"column":0},"end":{"line":64,"column":5}},"64":{"start":{"line":65,"column":0},"end":{"line":65,"column":15}},"65":{"start":{"line":66,"column":0},"end":{"line":66,"column":1}}},"s":{"0":1,"1":1,"2":1,"3":1,"4":1,"5":1,"6":1,"7":1,"8":1,"9":1,"10":5,"11":5,"12":5,"13":21,"14":13,"15":13,"16":8,"17":8,"18":8,"19":8,"20":8,"21":8,"22":5,"23":5,"24":5,"25":1,"26":1,"27":1,"28":1,"29":1,"30":8,"31":8,"32":1,"33":1,"34":1,"35":8,"36":1,"37":8,"38":1,"39":7,"40":1,"41":1,"42":1,"43":1,"44":6,"45":2,"46":2,"47":2,"48":2,"49":5,"50":3,"51":3,"52":8,"53":1,"54":1,"55":1,"56":1,"57":1,"58":1,"59":1,"60":1,"61":1,"62":5,"63":5,"64":1,"65":1},"branchMap":{"0":{"type":"branch","line":11,"loc":{"start":{"line":11,"column":0},"end":{"line":25,"column":1}},"locations":[{"start":{"line":11,"column":0},"end":{"line":25,"column":1}}]},"1":{"type":"branch","line":13,"loc":{"start":{"line":13,"column":4},"end":{"line":22,"column":5}},"locations":[{"start":{"line":13,"column":4},"end":{"line":22,"column":5}}]},"2":{"type":"branch","line":14,"loc":{"start":{"line":14,"column":19},"end":{"line":16,"column":9}},"locations":[{"start":{"line":14,"column":19},"end":{"line":16,"column":9}}]},"3":{"type":"branch","line":17,"loc":{"start":{"line":17,"column":-1},"end":{"line":22,"column":5}},"locations":[{"start":{"line":17,"column":-1},"end":{"line":22,"column":5}}]},"4":{"type":"branch","line":27,"loc":{"start":{"line":27,"column":0},"end":{"line":66,"column":1}},"locations":[{"start":{"line":27,"column":0},"end":{"line":66,"column":1}}]},"5":{"type":"branch","line":30,"loc":{"start":{"line":30,"column":26},"end":{"line":32,"column":5}},"locations":[{"start":{"line":30,"column":26},"end":{"line":32,"column":5}}]},"6":{"type":"branch","line":35,"loc":{"start":{"line":35,"column":26},"end":{"line":53,"column":5}},"locations":[{"start":{"line":35,"column":26},"end":{"line":53,"column":5}}]},"7":{"type":"branch","line":36,"loc":{"start":{"line":36,"column":24},"end":{"line":38,"column":15}},"locations":[{"start":{"line":36,"column":24},"end":{"line":38,"column":15}}]},"8":{"type":"branch","line":38,"loc":{"start":{"line":38,"column":9},"end":{"line":52,"column":9}},"locations":[{"start":{"line":38,"column":9},"end":{"line":52,"column":9}}]},"9":{"type":"branch","line":38,"loc":{"start":{"line":38,"column":30},"end":{"line":40,"column":15}},"locations":[{"start":{"line":38,"column":30},"end":{"line":40,"column":15}}]},"10":{"type":"branch","line":40,"loc":{"start":{"line":40,"column":9},"end":{"line":52,"column":9}},"locations":[{"start":{"line":40,"column":9},"end":{"line":52,"column":9}}]},"11":{"type":"branch","line":40,"loc":{"start":{"line":40,"column":32},"end":{"line":45,"column":15}},"locations":[{"start":{"line":40,"column":32},"end":{"line":45,"column":15}}]},"12":{"type":"branch","line":45,"loc":{"start":{"line":45,"column":9},"end":{"line":52,"column":9}},"locations":[{"start":{"line":45,"column":9},"end":{"line":52,"column":9}}]},"13":{"type":"branch","line":45,"loc":{"start":{"line":45,"column":31},"end":{"line":50,"column":15}},"locations":[{"start":{"line":45,"column":31},"end":{"line":50,"column":15}}]},"14":{"type":"branch","line":50,"loc":{"start":{"line":50,"column":9},"end":{"line":52,"column":9}},"locations":[{"start":{"line":50,"column":9},"end":{"line":52,"column":9}}]},"15":{"type":"branch","line":62,"loc":{"start":{"line":62,"column":28},"end":{"line":64,"column":5}},"locations":[{"start":{"line":62,"column":28},"end":{"line":64,"column":5}}]}},"b":{"0":[5],"1":[21],"2":[13],"3":[8],"4":[1],"5":[8],"6":[8],"7":[1],"8":[7],"9":[1],"10":[6],"11":[1],"12":[5],"13":[2],"14":[3],"15":[5]},"fnMap":{"0":{"name":"inorder","decl":{"start":{"line":11,"column":0},"end":{"line":25,"column":1}},"loc":{"start":{"line":11,"column":0},"end":{"line":25,"column":1}},"line":11},"1":{"name":"order","decl":{"start":{"line":13,"column":4},"end":{"line":22,"column":5}},"loc":{"start":{"line":13,"column":4},"end":{"line":22,"column":5}},"line":13},"2":{"name":"orderList","decl":{"start":{"line":27,"column":0},"end":{"line":66,"column":1}},"loc":{"start":{"line":27,"column":0},"end":{"line":66,"column":1}},"line":27}},"f":{"0":5,"1":21,"2":1}}
,"/Users/wangkuan/Documents/souche/test/interview/src/tournament.ts": {"path":"/Users/wangkuan/Documents/souche/test/interview/src/tournament.ts","all":false,"statementMap":{"0":{"start":{"line":1,"column":0},"end":{"line":1,"column":27}},"1":{"start":{"line":2,"column":0},"end":{"line":2,"column":15}},"2":{"start":{"line":3,"column":0},"end":{"line":3,"column":14}},"3":{"start":{"line":4,"column":0},"end":{"line":4,"column":14}},"4":{"start":{"line":5,"column":0},"end":{"line":5,"column":14}},"5":{"start":{"line":6,"column":0},"end":{"line":6,"column":14}},"6":{"start":{"line":7,"column":0},"end":{"line":7,"column":18}},"7":{"start":{"line":8,"column":0},"end":{"line":8,"column":1}},"8":{"start":{"line":9,"column":0},"end":{"line":9,"column":0}},"9":{"start":{"line":10,"column":0},"end":{"line":10,"column":22}},"10":{"start":{"line":11,"column":0},"end":{"line":11,"column":35}},"11":{"start":{"line":12,"column":0},"end":{"line":12,"column":1}},"12":{"start":{"line":13,"column":0},"end":{"line":13,"column":0}},"13":{"start":{"line":14,"column":0},"end":{"line":14,"column":10}},"14":{"start":{"line":15,"column":0},"end":{"line":15,"column":37}},"15":{"start":{"line":16,"column":0},"end":{"line":16,"column":31}},"16":{"start":{"line":17,"column":0},"end":{"line":17,"column":33}},"17":{"start":{"line":18,"column":0},"end":{"line":18,"column":76}},"18":{"start":{"line":19,"column":0},"end":{"line":19,"column":7}},"19":{"start":{"line":20,"column":0},"end":{"line":20,"column":1}},"20":{"start":{"line":21,"column":0},"end":{"line":21,"column":0}},"21":{"start":{"line":22,"column":0},"end":{"line":22,"column":23}},"22":{"start":{"line":23,"column":0},"end":{"line":23,"column":12}},"23":{"start":{"line":24,"column":0},"end":{"line":24,"column":14}},"24":{"start":{"line":25,"column":0},"end":{"line":25,"column":13}},"25":{"start":{"line":26,"column":0},"end":{"line":26,"column":13}},"26":{"start":{"line":27,"column":0},"end":{"line":27,"column":13}},"27":{"start":{"line":28,"column":0},"end":{"line":28,"column":13}},"28":{"start":{"line":29,"column":0},"end":{"line":29,"column":16}},"29":{"start":{"line":30,"column":0},"end":{"line":30,"column":6}},"30":{"start":{"line":31,"column":0},"end":{"line":31,"column":1}},"31":{"start":{"line":32,"column":0},"end":{"line":32,"column":0}},"32":{"start":{"line":33,"column":0},"end":{"line":33,"column":73}},"33":{"start":{"line":34,"column":0},"end":{"line":34,"column":50}},"34":{"start":{"line":35,"column":0},"end":{"line":35,"column":23}},"35":{"start":{"line":36,"column":0},"end":{"line":36,"column":25}},"36":{"start":{"line":37,"column":0},"end":{"line":37,"column":26}},"37":{"start":{"line":38,"column":0},"end":{"line":38,"column":29}},"38":{"start":{"line":39,"column":0},"end":{"line":39,"column":33}},"39":{"start":{"line":40,"column":0},"end":{"line":40,"column":26}},"40":{"start":{"line":41,"column":0},"end":{"line":41,"column":26}},"41":{"start":{"line":42,"column":0},"end":{"line":42,"column":12}},"42":{"start":{"line":43,"column":0},"end":{"line":43,"column":26}},"43":{"start":{"line":44,"column":0},"end":{"line":44,"column":5}},"44":{"start":{"line":45,"column":0},"end":{"line":45,"column":1}},"45":{"start":{"line":46,"column":0},"end":{"line":46,"column":0}},"46":{"start":{"line":47,"column":0},"end":{"line":47,"column":40}},"47":{"start":{"line":48,"column":0},"end":{"line":48,"column":25}},"48":{"start":{"line":49,"column":0},"end":{"line":49,"column":22}},"49":{"start":{"line":50,"column":0},"end":{"line":50,"column":5}},"50":{"start":{"line":51,"column":0},"end":{"line":51,"column":26}},"51":{"start":{"line":52,"column":0},"end":{"line":52,"column":21}},"52":{"start":{"line":53,"column":0},"end":{"line":53,"column":5}},"53":{"start":{"line":54,"column":0},"end":{"line":54,"column":16}},"54":{"start":{"line":55,"column":0},"end":{"line":55,"column":1}},"55":{"start":{"line":56,"column":0},"end":{"line":56,"column":0}},"56":{"start":{"line":57,"column":0},"end":{"line":57,"column":46}},"57":{"start":{"line":58,"column":0},"end":{"line":58,"column":77}},"58":{"start":{"line":59,"column":0},"end":{"line":59,"column":16}},"59":{"start":{"line":60,"column":0},"end":{"line":60,"column":52}},"60":{"start":{"line":61,"column":0},"end":{"line":61,"column":22}},"61":{"start":{"line":62,"column":0},"end":{"line":62,"column":49}},"62":{"start":{"line":63,"column":0},"end":{"line":63,"column":41}},"63":{"start":{"line":64,"column":0},"end":{"line":64,"column":5}},"64":{"start":{"line":65,"column":0},"end":{"line":65,"column":52}},"65":{"start":{"line":66,"column":0},"end":{"line":66,"column":90}},"66":{"start":{"line":67,"column":0},"end":{"line":67,"column":5}},"67":{"start":{"line":68,"column":0},"end":{"line":68,"column":38}},"68":{"start":{"line":69,"column":0},"end":{"line":69,"column":36}},"69":{"start":{"line":70,"column":0},"end":{"line":70,"column":39}},"70":{"start":{"line":71,"column":0},"end":{"line":71,"column":9}},"71":{"start":{"line":72,"column":0},"end":{"line":72,"column":48}},"72":{"start":{"line":73,"column":0},"end":{"line":73,"column":7}},"73":{"start":{"line":74,"column":0},"end":{"line":74,"column":12}},"74":{"start":{"line":75,"column":0},"end":{"line":75,"column":12}},"75":{"start":{"line":76,"column":0},"end":{"line":76,"column":11}},"76":{"start":{"line":77,"column":0},"end":{"line":77,"column":6}},"77":{"start":{"line":78,"column":0},"end":{"line":78,"column":1}},"78":{"start":{"line":79,"column":0},"end":{"line":79,"column":0}},"79":{"start":{"line":80,"column":0},"end":{"line":80,"column":32}},"80":{"start":{"line":81,"column":0},"end":{"line":81,"column":53}},"81":{"start":{"line":82,"column":0},"end":{"line":82,"column":1}},"82":{"start":{"line":83,"column":0},"end":{"line":83,"column":3}},"83":{"start":{"line":84,"column":0},"end":{"line":84,"column":21}},"84":{"start":{"line":85,"column":0},"end":{"line":85,"column":28}},"85":{"start":{"line":86,"column":0},"end":{"line":86,"column":25}},"86":{"start":{"line":87,"column":0},"end":{"line":87,"column":3}},"87":{"start":{"line":88,"column":0},"end":{"line":88,"column":54}},"88":{"start":{"line":89,"column":0},"end":{"line":89,"column":29}},"89":{"start":{"line":90,"column":0},"end":{"line":90,"column":38}},"90":{"start":{"line":91,"column":0},"end":{"line":91,"column":33}},"91":{"start":{"line":92,"column":0},"end":{"line":92,"column":54}},"92":{"start":{"line":93,"column":0},"end":{"line":93,"column":40}},"93":{"start":{"line":94,"column":0},"end":{"line":94,"column":57}},"94":{"start":{"line":95,"column":0},"end":{"line":95,"column":5}},"95":{"start":{"line":96,"column":0},"end":{"line":96,"column":47}},"96":{"start":{"line":97,"column":0},"end":{"line":97,"column":60}},"97":{"start":{"line":98,"column":0},"end":{"line":98,"column":27}},"98":{"start":{"line":99,"column":0},"end":{"line":99,"column":111}},"99":{"start":{"line":100,"column":0},"end":{"line":100,"column":5}},"100":{"start":{"line":101,"column":0},"end":{"line":101,"column":12}},"101":{"start":{"line":102,"column":0},"end":{"line":102,"column":12}},"102":{"start":{"line":103,"column":0},"end":{"line":103,"column":14}},"103":{"start":{"line":104,"column":0},"end":{"line":104,"column":6}},"104":{"start":{"line":105,"column":0},"end":{"line":105,"column":1}}},"s":{"0":1,"1":1,"2":1,"3":1,"4":1,"5":1,"6":1,"7":1,"8":1,"9":1,"10":1,"11":1,"12":1,"13":1,"14":1,"15":1,"16":1,"17":6,"18":1,"19":1,"20":1,"21":4,"22":4,"23":4,"24":4,"25":4,"26":4,"27":4,"28":4,"29":4,"30":4,"31":1,"32":12,"33":12,"34":12,"35":12,"36":5,"37":5,"38":12,"39":2,"40":2,"41":7,"42":5,"43":5,"44":12,"45":1,"46":6,"47":6,"48":3,"49":3,"50":6,"51":2,"52":2,"53":1,"54":1,"55":1,"56":1,"57":1,"58":1,"59":1,"60":4,"61":4,"62":4,"63":4,"64":1,"65":4,"66":4,"67":1,"68":6,"69":6,"70":6,"71":0,"72":1,"73":1,"74":1,"75":1,"76":1,"77":1,"78":1,"79":5,"80":5,"81":5,"82":1,"83":1,"84":1,"85":1,"86":1,"87":1,"88":1,"89":1,"90":1,"91":6,"92":6,"93":6,"94":6,"95":1,"96":1,"97":1,"98":4,"99":4,"100":1,"101":1,"102":1,"103":1,"104":1},"branchMap":{"0":{"type":"branch","line":15,"loc":{"start":{"line":15,"column":0},"end":{"line":20,"column":1}},"locations":[{"start":{"line":15,"column":0},"end":{"line":20,"column":1}}]},"1":{"type":"branch","line":17,"loc":{"start":{"line":17,"column":22},"end":{"line":19,"column":5}},"locations":[{"start":{"line":17,"column":22},"end":{"line":19,"column":5}}]},"2":{"type":"branch","line":22,"loc":{"start":{"line":22,"column":0},"end":{"line":31,"column":1}},"locations":[{"start":{"line":22,"column":0},"end":{"line":31,"column":1}}]},"3":{"type":"branch","line":33,"loc":{"start":{"line":33,"column":0},"end":{"line":45,"column":1}},"locations":[{"start":{"line":33,"column":0},"end":{"line":45,"column":1}}]},"4":{"type":"branch","line":34,"loc":{"start":{"line":34,"column":33},"end":{"line":34,"column":49}},"locations":[{"start":{"line":34,"column":33},"end":{"line":34,"column":49}}]},"5":{"type":"branch","line":36,"loc":{"start":{"line":36,"column":24},"end":{"line":39,"column":11}},"locations":[{"start":{"line":36,"column":24},"end":{"line":39,"column":11}}]},"6":{"type":"branch","line":39,"loc":{"start":{"line":39,"column":5},"end":{"line":44,"column":5}},"locations":[{"start":{"line":39,"column":5},"end":{"line":44,"column":5}}]},"7":{"type":"branch","line":39,"loc":{"start":{"line":39,"column":32},"end":{"line":42,"column":11}},"locations":[{"start":{"line":39,"column":32},"end":{"line":42,"column":11}}]},"8":{"type":"branch","line":42,"loc":{"start":{"line":42,"column":5},"end":{"line":44,"column":5}},"locations":[{"start":{"line":42,"column":5},"end":{"line":44,"column":5}}]},"9":{"type":"branch","line":47,"loc":{"start":{"line":47,"column":0},"end":{"line":55,"column":1}},"locations":[{"start":{"line":47,"column":0},"end":{"line":55,"column":1}}]},"10":{"type":"branch","line":48,"loc":{"start":{"line":48,"column":24},"end":{"line":51,"column":25}},"locations":[{"start":{"line":48,"column":24},"end":{"line":51,"column":25}}]},"11":{"type":"branch","line":51,"loc":{"start":{"line":51,"column":25},"end":{"line":53,"column":5}},"locations":[{"start":{"line":51,"column":25},"end":{"line":53,"column":5}}]},"12":{"type":"branch","line":54,"loc":{"start":{"line":54,"column":-1},"end":{"line":55,"column":1}},"locations":[{"start":{"line":54,"column":-1},"end":{"line":55,"column":1}}]},"13":{"type":"branch","line":57,"loc":{"start":{"line":57,"column":0},"end":{"line":78,"column":1}},"locations":[{"start":{"line":57,"column":0},"end":{"line":78,"column":1}}]},"14":{"type":"branch","line":60,"loc":{"start":{"line":60,"column":51},"end":{"line":64,"column":5}},"locations":[{"start":{"line":60,"column":51},"end":{"line":64,"column":5}}]},"15":{"type":"branch","line":65,"loc":{"start":{"line":65,"column":51},"end":{"line":67,"column":5}},"locations":[{"start":{"line":65,"column":51},"end":{"line":67,"column":5}}]},"16":{"type":"branch","line":68,"loc":{"start":{"line":68,"column":19},"end":{"line":73,"column":5}},"locations":[{"start":{"line":68,"column":19},"end":{"line":73,"column":5}}]},"17":{"type":"branch","line":72,"loc":{"start":{"line":72,"column":-1},"end":{"line":73,"column":5}},"locations":[{"start":{"line":72,"column":-1},"end":{"line":73,"column":5}}]},"18":{"type":"branch","line":80,"loc":{"start":{"line":80,"column":0},"end":{"line":82,"column":1}},"locations":[{"start":{"line":80,"column":0},"end":{"line":82,"column":1}}]},"19":{"type":"branch","line":88,"loc":{"start":{"line":88,"column":0},"end":{"line":105,"column":1}},"locations":[{"start":{"line":88,"column":0},"end":{"line":105,"column":1}}]},"20":{"type":"branch","line":91,"loc":{"start":{"line":91,"column":32},"end":{"line":95,"column":5}},"locations":[{"start":{"line":91,"column":32},"end":{"line":95,"column":5}}]},"21":{"type":"branch","line":98,"loc":{"start":{"line":98,"column":26},"end":{"line":100,"column":5}},"locations":[{"start":{"line":98,"column":26},"end":{"line":100,"column":5}}]}},"b":{"0":[1],"1":[6],"2":[4],"3":[12],"4":[4],"5":[5],"6":[7],"7":[2],"8":[5],"9":[6],"10":[3],"11":[2],"12":[1],"13":[1],"14":[4],"15":[4],"16":[6],"17":[0],"18":[5],"19":[1],"20":[6],"21":[4]},"fnMap":{"0":{"name":"getInputData","decl":{"start":{"line":15,"column":0},"end":{"line":20,"column":1}},"loc":{"start":{"line":15,"column":0},"end":{"line":20,"column":1}},"line":15},"1":{"name":"createTeam","decl":{"start":{"line":22,"column":0},"end":{"line":31,"column":1}},"loc":{"start":{"line":22,"column":0},"end":{"line":31,"column":1}},"line":22},"2":{"name":"handlerResult","decl":{"start":{"line":33,"column":0},"end":{"line":45,"column":1}},"loc":{"start":{"line":33,"column":0},"end":{"line":45,"column":1}},"line":33},"3":{"name":"getContraryType","decl":{"start":{"line":47,"column":0},"end":{"line":55,"column":1}},"loc":{"start":{"line":47,"column":0},"end":{"line":55,"column":1}},"line":47},"4":{"name":"generateOutputData","decl":{"start":{"line":57,"column":0},"end":{"line":78,"column":1}},"loc":{"start":{"line":57,"column":0},"end":{"line":78,"column":1}},"line":57},"5":{"name":"getSpace","decl":{"start":{"line":80,"column":0},"end":{"line":82,"column":1}},"loc":{"start":{"line":80,"column":0},"end":{"line":82,"column":1}},"line":80},"6":{"name":"generateTournamentFile","decl":{"start":{"line":88,"column":0},"end":{"line":105,"column":1}},"loc":{"start":{"line":88,"column":0},"end":{"line":105,"column":1}},"line":88}},"f":{"0":1,"1":4,"2":12,"3":6,"4":1,"5":5,"6":1}}
,"/Users/wangkuan/Documents/souche/test/interview/src/tree.ts": {"path":"/Users/wangkuan/Documents/souche/test/interview/src/tree.ts","all":false,"statementMap":{"0":{"start":{"line":1,"column":0},"end":{"line":1,"column":20}},"1":{"start":{"line":2,"column":0},"end":{"line":2,"column":15}},"2":{"start":{"line":3,"column":0},"end":{"line":3,"column":17}},"3":{"start":{"line":4,"column":0},"end":{"line":4,"column":22}},"4":{"start":{"line":5,"column":0},"end":{"line":5,"column":26}},"5":{"start":{"line":6,"column":0},"end":{"line":6,"column":1}},"6":{"start":{"line":7,"column":0},"end":{"line":7,"column":0}},"7":{"start":{"line":8,"column":0},"end":{"line":8,"column":45}},"8":{"start":{"line":9,"column":0},"end":{"line":9,"column":41}},"9":{"start":{"line":10,"column":0},"end":{"line":10,"column":27}},"10":{"start":{"line":11,"column":0},"end":{"line":11,"column":31}},"11":{"start":{"line":12,"column":0},"end":{"line":12,"column":5}},"12":{"start":{"line":13,"column":0},"end":{"line":13,"column":29}},"13":{"start":{"line":14,"column":0},"end":{"line":14,"column":27}},"14":{"start":{"line":15,"column":0},"end":{"line":15,"column":28}},"15":{"start":{"line":16,"column":0},"end":{"line":16,"column":46}},"16":{"start":{"line":17,"column":0},"end":{"line":17,"column":24}},"17":{"start":{"line":18,"column":0},"end":{"line":18,"column":65}},"18":{"start":{"line":19,"column":0},"end":{"line":19,"column":13}},"19":{"start":{"line":20,"column":0},"end":{"line":20,"column":48}},"20":{"start":{"line":21,"column":0},"end":{"line":21,"column":37}},"21":{"start":{"line":22,"column":0},"end":{"line":22,"column":16}},"22":{"start":{"line":23,"column":0},"end":{"line":23,"column":27}},"23":{"start":{"line":24,"column":0},"end":{"line":24,"column":9}},"24":{"start":{"line":25,"column":0},"end":{"line":25,"column":5}},"25":{"start":{"line":26,"column":0},"end":{"line":26,"column":15}},"26":{"start":{"line":27,"column":0},"end":{"line":27,"column":1}}},"s":{"0":1,"1":1,"2":1,"3":1,"4":1,"5":1,"6":1,"7":2,"8":2,"9":2,"10":9,"11":9,"12":2,"13":2,"14":9,"15":7,"16":7,"17":1,"18":1,"19":7,"20":7,"21":9,"22":2,"23":2,"24":9,"25":1,"26":1},"branchMap":{"0":{"type":"branch","line":8,"loc":{"start":{"line":8,"column":0},"end":{"line":27,"column":1}},"locations":[{"start":{"line":8,"column":0},"end":{"line":27,"column":1}}]},"1":{"type":"branch","line":10,"loc":{"start":{"line":10,"column":26},"end":{"line":12,"column":5}},"locations":[{"start":{"line":10,"column":26},"end":{"line":12,"column":5}}]},"2":{"type":"branch","line":14,"loc":{"start":{"line":14,"column":26},"end":{"line":25,"column":5}},"locations":[{"start":{"line":14,"column":26},"end":{"line":25,"column":5}}]},"3":{"type":"branch","line":15,"loc":{"start":{"line":15,"column":27},"end":{"line":22,"column":15}},"locations":[{"start":{"line":15,"column":27},"end":{"line":22,"column":15}}]},"4":{"type":"branch","line":17,"loc":{"start":{"line":17,"column":23},"end":{"line":19,"column":13}},"locations":[{"start":{"line":17,"column":23},"end":{"line":19,"column":13}}]},"5":{"type":"branch","line":20,"loc":{"start":{"line":20,"column":-1},"end":{"line":20,"column":47}},"locations":[{"start":{"line":20,"column":-1},"end":{"line":20,"column":47}}]},"6":{"type":"branch","line":22,"loc":{"start":{"line":22,"column":9},"end":{"line":24,"column":9}},"locations":[{"start":{"line":22,"column":9},"end":{"line":24,"column":9}}]},"7":{"type":"branch","line":26,"loc":{"start":{"line":26,"column":-1},"end":{"line":27,"column":1}},"locations":[{"start":{"line":26,"column":-1},"end":{"line":27,"column":1}}]}},"b":{"0":[2],"1":[9],"2":[9],"3":[7],"4":[1],"5":[6],"6":[2],"7":[1]},"fnMap":{"0":{"name":"createTree","decl":{"start":{"line":8,"column":0},"end":{"line":27,"column":1}},"loc":{"start":{"line":8,"column":0},"end":{"line":27,"column":1}},"line":8}},"f":{"0":2}}
}
