TN:
SF:src/deminoes.ts
FN:7,getNextDominoes
FN:31,getDominoes
FN:43,dfs
FNF:3
FNH:3
FNDA:9,getNextDominoes
FNDA:5,getDominoes
FNDA:9,dfs
DA:1,1
DA:2,1
DA:3,1
DA:4,1
DA:5,1
DA:6,1
DA:7,9
DA:8,9
DA:9,9
DA:10,10
DA:11,10
DA:12,5
DA:13,5
DA:14,5
DA:15,5
DA:16,5
DA:17,5
DA:18,5
DA:19,5
DA:20,10
DA:21,9
DA:22,9
DA:23,1
DA:24,1
DA:25,1
DA:26,1
DA:27,1
DA:28,1
DA:29,1
DA:30,1
DA:31,5
DA:32,5
DA:33,5
DA:34,5
DA:35,5
DA:36,5
DA:37,1
DA:38,1
DA:39,1
DA:40,4
DA:41,4
DA:42,4
DA:43,4
DA:44,9
DA:45,2
DA:46,2
DA:47,9
DA:48,9
DA:49,2
DA:50,2
DA:51,9
DA:52,5
DA:53,5
DA:54,5
DA:55,5
DA:56,7
DA:57,4
DA:58,5
DA:59,5
DA:60,5
LF:60
LH:60
BRDA:7,0,0,9
BRDA:9,1,0,10
BRDA:11,2,0,7
BRDA:11,3,0,5
BRDA:14,4,0,3
BRDA:14,5,0,2
BRDA:31,6,0,5
BRDA:36,7,0,1
BRDA:40,8,0,4
BRDA:58,9,0,2
BRDA:58,10,0,2
BRDA:43,11,0,9
BRDA:44,12,0,3
BRDA:44,13,0,2
BRDA:48,14,0,5
BRDA:48,15,0,2
BRDA:51,16,0,7
BRDA:51,17,0,5
BRDA:56,18,0,7
BRF:19
BRH:19
end_of_record
TN:
SF:src/event.ts
FN:5,getTarget
FN:16,Bus
FN:19,on
FN:34,emit
FN:45,off
FN:69,ChildBus
FN:72,pushStack
FN:78,printStack
FNF:8
FNH:7
FNDA:9,getTarget
FNDA:8,Bus
FNDA:5,on
FNDA:9,emit
FNDA:0,off
FNDA:5,ChildBus
FNDA:18,pushStack
FNDA:4,printStack
DA:1,1
DA:2,1
DA:3,1
DA:4,1
DA:5,9
DA:6,9
DA:7,4
DA:8,9
DA:9,5
DA:10,5
DA:11,9
DA:12,1
DA:13,1
DA:14,1
DA:15,1
DA:16,8
DA:17,8
DA:18,8
DA:19,8
DA:20,5
DA:21,5
DA:22,5
DA:23,0
DA:24,0
DA:25,5
DA:26,5
DA:27,5
DA:28,5
DA:29,5
DA:30,5
DA:31,5
DA:32,5
DA:33,8
DA:34,8
DA:35,9
DA:36,9
DA:37,9
DA:38,9
DA:39,9
DA:40,9
DA:41,9
DA:42,9
DA:43,9
DA:44,9
DA:45,8
DA:46,0
DA:47,0
DA:48,0
DA:49,0
DA:50,0
DA:51,0
DA:52,0
DA:53,0
DA:54,0
DA:55,0
DA:56,0
DA:57,0
DA:58,0
DA:59,0
DA:60,8
DA:61,1
DA:62,1
DA:63,1
DA:64,1
DA:65,1
DA:66,1
DA:67,1
DA:68,1
DA:69,1
DA:70,5
DA:71,5
DA:72,1
DA:73,18
DA:74,18
DA:75,18
DA:76,18
DA:77,18
DA:78,1
DA:79,4
DA:80,4
DA:81,4
DA:82,1
DA:83,1
DA:84,1
LF:84
LH:68
BRDA:5,0,0,9
BRDA:6,1,0,4
BRDA:8,2,0,5
BRDA:16,3,0,8
BRDA:19,4,0,5
BRDA:20,5,0,0
BRDA:22,6,0,0
BRDA:34,7,0,9
BRDA:37,8,0,0
BRDA:69,9,0,5
BRDA:72,10,0,18
BRDA:78,11,0,4
BRF:12
BRH:9
end_of_record
TN:
SF:src/order.ts
FN:11,inorder
FN:13,order
FN:27,orderList
FNF:3
FNH:3
FNDA:5,inorder
FNDA:21,order
FNDA:1,orderList
DA:1,1
DA:2,1
DA:3,1
DA:4,1
DA:5,1
DA:6,1
DA:7,1
DA:8,1
DA:9,1
DA:10,1
DA:11,5
DA:12,5
DA:13,5
DA:14,21
DA:15,13
DA:16,13
DA:17,8
DA:18,8
DA:19,8
DA:20,8
DA:21,8
DA:22,8
DA:23,5
DA:24,5
DA:25,5
DA:26,1
DA:27,1
DA:28,1
DA:29,1
DA:30,1
DA:31,8
DA:32,8
DA:33,1
DA:34,1
DA:35,1
DA:36,8
DA:37,1
DA:38,8
DA:39,1
DA:40,7
DA:41,1
DA:42,1
DA:43,1
DA:44,1
DA:45,6
DA:46,2
DA:47,2
DA:48,2
DA:49,2
DA:50,5
DA:51,3
DA:52,3
DA:53,8
DA:54,1
DA:55,1
DA:56,1
DA:57,1
DA:58,1
DA:59,1
DA:60,1
DA:61,1
DA:62,1
DA:63,5
DA:64,5
DA:65,1
DA:66,1
LF:66
LH:66
BRDA:11,0,0,5
BRDA:13,1,0,21
BRDA:14,2,0,13
BRDA:17,3,0,8
BRDA:27,4,0,1
BRDA:30,5,0,8
BRDA:35,6,0,8
BRDA:36,7,0,1
BRDA:38,8,0,7
BRDA:38,9,0,1
BRDA:40,10,0,6
BRDA:40,11,0,1
BRDA:45,12,0,5
BRDA:45,13,0,2
BRDA:50,14,0,3
BRDA:62,15,0,5
BRF:16
BRH:16
end_of_record
TN:
SF:src/tournament.ts
FN:15,getInputData
FN:22,createTeam
FN:33,handlerResult
FN:47,getContraryType
FN:57,generateOutputData
FN:80,getSpace
FN:88,generateTournamentFile
FNF:7
FNH:7
FNDA:1,getInputData
FNDA:4,createTeam
FNDA:12,handlerResult
FNDA:6,getContraryType
FNDA:1,generateOutputData
FNDA:5,getSpace
FNDA:1,generateTournamentFile
DA:1,1
DA:2,1
DA:3,1
DA:4,1
DA:5,1
DA:6,1
DA:7,1
DA:8,1
DA:9,1
DA:10,1
DA:11,1
DA:12,1
DA:13,1
DA:14,1
DA:15,1
DA:16,1
DA:17,1
DA:18,6
DA:19,1
DA:20,1
DA:21,1
DA:22,4
DA:23,4
DA:24,4
DA:25,4
DA:26,4
DA:27,4
DA:28,4
DA:29,4
DA:30,4
DA:31,4
DA:32,1
DA:33,12
DA:34,12
DA:35,12
DA:36,12
DA:37,5
DA:38,5
DA:39,12
DA:40,2
DA:41,2
DA:42,7
DA:43,5
DA:44,5
DA:45,12
DA:46,1
DA:47,6
DA:48,6
DA:49,3
DA:50,3
DA:51,6
DA:52,2
DA:53,2
DA:54,1
DA:55,1
DA:56,1
DA:57,1
DA:58,1
DA:59,1
DA:60,1
DA:61,4
DA:62,4
DA:63,4
DA:64,4
DA:65,1
DA:66,4
DA:67,4
DA:68,1
DA:69,6
DA:70,6
DA:71,6
DA:72,0
DA:73,1
DA:74,1
DA:75,1
DA:76,1
DA:77,1
DA:78,1
DA:79,1
DA:80,5
DA:81,5
DA:82,5
DA:83,1
DA:84,1
DA:85,1
DA:86,1
DA:87,1
DA:88,1
DA:89,1
DA:90,1
DA:91,1
DA:92,6
DA:93,6
DA:94,6
DA:95,6
DA:96,1
DA:97,1
DA:98,1
DA:99,4
DA:100,4
DA:101,1
DA:102,1
DA:103,1
DA:104,1
DA:105,1
LF:105
LH:104
BRDA:15,0,0,1
BRDA:17,1,0,6
BRDA:22,2,0,4
BRDA:33,3,0,12
BRDA:34,4,0,4
BRDA:36,5,0,5
BRDA:39,6,0,7
BRDA:39,7,0,2
BRDA:42,8,0,5
BRDA:47,9,0,6
BRDA:48,10,0,3
BRDA:51,11,0,2
BRDA:54,12,0,1
BRDA:57,13,0,1
BRDA:60,14,0,4
BRDA:65,15,0,4
BRDA:68,16,0,6
BRDA:72,17,0,0
BRDA:80,18,0,5
BRDA:88,19,0,1
BRDA:91,20,0,6
BRDA:98,21,0,4
BRF:22
BRH:21
end_of_record
TN:
SF:src/tree.ts
FN:8,createTree
FNF:1
FNH:1
FNDA:2,createTree
DA:1,1
DA:2,1
DA:3,1
DA:4,1
DA:5,1
DA:6,1
DA:7,1
DA:8,2
DA:9,2
DA:10,2
DA:11,9
DA:12,9
DA:13,2
DA:14,2
DA:15,9
DA:16,7
DA:17,7
DA:18,1
DA:19,1
DA:20,7
DA:21,7
DA:22,9
DA:23,2
DA:24,2
DA:25,9
DA:26,1
DA:27,1
LF:27
LH:27
BRDA:8,0,0,2
BRDA:10,1,0,9
BRDA:14,2,0,9
BRDA:15,3,0,7
BRDA:17,4,0,1
BRDA:20,5,0,6
BRDA:22,6,0,2
BRDA:26,7,0,1
BRF:8
BRH:8
end_of_record
